execve("/usr/bin/unlink", ["unlink", "file1"], 0x7ffc65ac5598 /* 60 vars */) = 0
brk(NULL)                               = 0x5561abe6b000
arch_prctl(0x3001 /* ARCH_??? */, 0x7fff87a30f50) = -1 EINVAL (Invalid argument)
access("/etc/ld.so.preload", R_OK)      = -1 ENOENT (No such file or directory)
openat(AT_FDCWD, "/etc/ld.so.cache", O_RDONLY|O_CLOEXEC) = 6
fstat(6, {st_mode=S_IFREG|0644, st_size=119884, ...}) = 0
mmap(NULL, 119884, PROT_READ, MAP_PRIVATE, 6, 0) = 0x7fd72bd53000
close(6)                                = 0
openat(AT_FDCWD, "/lib/x86_64-linux-gnu/libc.so.6", O_RDONLY|O_CLOEXEC) = 6
read(6, "\177ELF\2\1\1\3\0\0\0\0\0\0\0\0\3\0>\0\1\0\0\0\360q\2\0\0\0\0\0@\0\0\0\0\0\0\0h\345\36\0\0\0\0\0\0\0\0\0@\08\0\16\0@\0E\0D\0\6\0\0\0\4\0\0\0@\0\0\0\0\0\0\0@\0\0\0\0\0\0\0@\0\0\0\0\0\0\0\20\3\0\0\0\0\0\0\20\3\0\0\0\0\0\0\10\0\0\0\0\0\0\0\3\0\0\0\4\0\0\0\240\26\34\0\0\0\0\0\240\26\34\0\0\0\0\0\240\26\34\0\0\0\0\0\34\0\0\0\0\0\0\0\34\0\0\0\0\0\0\0\20\0\0\0\0\0\0\0\1\0\0\0\4\0\0\0\0\0\0\0\0\0\0\0\0\0\0\0\0\0\0\0\0\0\0\0\0\0\0\0@I\2\0\0\0\0\0@I\2\0\0\0\0\0\0\20\0\0\0\0\0\0\1\0\0\0\5\0\0\0\0P\2\0\0\0\0\0\0P\2\0\0\0\0\0\0P\2\0\0\0\0\0\304u\27\0\0\0\0\0\304u\27\0\0\0\0\0\0\20\0\0\0\0\0\0\1\0\0\0\4\0\0\0\0\320\31\0\0\0\0\0\0\320\31\0\0\0\0\0\0\320\31\0\0\0\0\0e\235\4\0\0\0\0\0e\235\4\0\0\0\0\0\0\20\0\0\0\0\0\0\1\0\0\0\6\0\0\0\0v\36\0\0\0\0\0\0\206\36\0\0\0\0\0\0\206\36\0\0\0\0\0\20P\0\0\0\0\0\0\330\216\0\0\0\0\0\0\0\20\0\0\0\0\0\0\2\0\0\0\6\0\0\0\200\233\36\0\0\0\0\0\200\253\36\0\0\0\0\0\200\253\36\0\0\0\0\0\340\1\0\0\0\0\0\0\340\1\0\0\0\0\0\0\10\0\0\0\0\0\0\0\4\0\0\0\4\0\0\0P\3\0\0\0\0\0\0P\3\0\0\0\0\0\0P\3\0\0\0\0\0\0 \0\0\0\0\0\0\0 \0\0\0\0\0\0\0\10\0\0\0\0\0\0\0\4\0\0\0\4\0\0\0p\3\0\0\0\0\0\0p\3\0\0\0\0\0\0p\3\0\0\0\0\0\0D\0\0\0\0\0\0\0D\0\0\0\0\0\0\0\4\0\0\0\0\0\0\0\7\0\0\0\4\0\0\0\0v\36\0\0\0\0\0\0\206\36\0\0\0\0\0\0\206\36\0\0\0\0\0\20\0\0\0\0\0\0\0\220\0\0\0\0\0\0\0\10\0\0\0\0\0\0\0S\345td\4\0\0\0P\3\0\0\0\0\0\0P\3\0\0\0\0\0\0P\3\0\0\0\0\0\0 \0\0\0\0\0\0\0 \0\0\0\0\0\0\0\10\0\0\0\0\0\0\0P\345td\4\0\0\0\274\26\34\0\0\0\0\0\274\26\34\0\0\0\0\0\274\26\34\0\0\0\0\0\304^\0\0\0\0\0\0\304^\0\0\0\0\0\0\4\0\0\0\0\0\0\0Q\345td\6\0\0\0\0\0\0\0\0\0\0\0\0\0\0\0\0\0\0\0\0\0\0\0\0\0\0\0\0\0\0\0\0\0\0\0\0\0\0\0\0\0\0\0\20\0\0\0\0\0\0\0R\345td\4\0\0\0\0v\36\0\0\0\0\0\0\206\36\0\0\0\0\0\0\206\36\0\0\0\0\0\0*\0\0\0\0\0\0", 832) = 832
pread64(6, "\6\0\0\0\4\0\0\0@\0\0\0\0\0\0\0@\0\0\0\0\0\0\0@\0\0\0\0\0\0\0\20\3\0\0\0\0\0\0\20\3\0\0\0\0\0\0\10\0\0\0\0\0\0\0\3\0\0\0\4\0\0\0\240\26\34\0\0\0\0\0\240\26\34\0\0\0\0\0\240\26\34\0\0\0\0\0\34\0\0\0\0\0\0\0\34\0\0\0\0\0\0\0\20\0\0\0\0\0\0\0\1\0\0\0\4\0\0\0\0\0\0\0\0\0\0\0\0\0\0\0\0\0\0\0\0\0\0\0\0\0\0\0@I\2\0\0\0\0\0@I\2\0\0\0\0\0\0\20\0\0\0\0\0\0\1\0\0\0\5\0\0\0\0P\2\0\0\0\0\0\0P\2\0\0\0\0\0\0P\2\0\0\0\0\0\304u\27\0\0\0\0\0\304u\27\0\0\0\0\0\0\20\0\0\0\0\0\0\1\0\0\0\4\0\0\0\0\320\31\0\0\0\0\0\0\320\31\0\0\0\0\0\0\320\31\0\0\0\0\0e\235\4\0\0\0\0\0e\235\4\0\0\0\0\0\0\20\0\0\0\0\0\0\1\0\0\0\6\0\0\0\0v\36\0\0\0\0\0\0\206\36\0\0\0\0\0\0\206\36\0\0\0\0\0\20P\0\0\0\0\0\0\330\216\0\0\0\0\0\0\0\20\0\0\0\0\0\0\2\0\0\0\6\0\0\0\200\233\36\0\0\0\0\0\200\253\36\0\0\0\0\0\200\253\36\0\0\0\0\0\340\1\0\0\0\0\0\0\340\1\0\0\0\0\0\0\10\0\0\0\0\0\0\0\4\0\0\0\4\0\0\0P\3\0\0\0\0\0\0P\3\0\0\0\0\0\0P\3\0\0\0\0\0\0 \0\0\0\0\0\0\0 \0\0\0\0\0\0\0\10\0\0\0\0\0\0\0\4\0\0\0\4\0\0\0p\3\0\0\0\0\0\0p\3\0\0\0\0\0\0p\3\0\0\0\0\0\0D\0\0\0\0\0\0\0D\0\0\0\0\0\0\0\4\0\0\0\0\0\0\0\7\0\0\0\4\0\0\0\0v\36\0\0\0\0\0\0\206\36\0\0\0\0\0\0\206\36\0\0\0\0\0\20\0\0\0\0\0\0\0\220\0\0\0\0\0\0\0\10\0\0\0\0\0\0\0S\345td\4\0\0\0P\3\0\0\0\0\0\0P\3\0\0\0\0\0\0P\3\0\0\0\0\0\0 \0\0\0\0\0\0\0 \0\0\0\0\0\0\0\10\0\0\0\0\0\0\0P\345td\4\0\0\0\274\26\34\0\0\0\0\0\274\26\34\0\0\0\0\0\274\26\34\0\0\0\0\0\304^\0\0\0\0\0\0\304^\0\0\0\0\0\0\4\0\0\0\0\0\0\0Q\345td\6\0\0\0\0\0\0\0\0\0\0\0\0\0\0\0\0\0\0\0\0\0\0\0\0\0\0\0\0\0\0\0\0\0\0\0\0\0\0\0\0\0\0\0\20\0\0\0\0\0\0\0R\345td\4\0\0\0\0v\36\0\0\0\0\0\0\206\36\0\0\0\0\0\0\206\36\0\0\0\0\0\0*\0\0\0\0\0\0\0*\0\0\0\0\0\0\1\0\0\0\0\0\0\0", 784, 64) = 784
pread64(6, "\4\0\0\0\20\0\0\0\5\0\0\0GNU\0\2\0\0\300\4\0\0\0\3\0\0\0\0\0\0\0", 32, 848) = 32
pread64(6, "\4\0\0\0\24\0\0\0\3\0\0\0GNU\0\363\377?\332\200\270\27\304d\245n\355Y\377\t\334\206N\256\260\4\0\0\0\20\0\0\0\1\0\0\0GNU\0\0\0\0\0\3\0\0\0\2\0\0\0\0\0\0\0", 68, 880) = 68
fstat(6, {st_mode=S_IFREG|0755, st_size=2029224, ...}) = 0
mmap(NULL, 8192, PROT_READ|PROT_WRITE, MAP_PRIVATE|MAP_ANONYMOUS, -1, 0) = 0x7fd72bd51000
pread64(6, "\6\0\0\0\4\0\0\0@\0\0\0\0\0\0\0@\0\0\0\0\0\0\0@\0\0\0\0\0\0\0\20\3\0\0\0\0\0\0\20\3\0\0\0\0\0\0\10\0\0\0\0\0\0\0\3\0\0\0\4\0\0\0\240\26\34\0\0\0\0\0\240\26\34\0\0\0\0\0\240\26\34\0\0\0\0\0\34\0\0\0\0\0\0\0\34\0\0\0\0\0\0\0\20\0\0\0\0\0\0\0\1\0\0\0\4\0\0\0\0\0\0\0\0\0\0\0\0\0\0\0\0\0\0\0\0\0\0\0\0\0\0\0@I\2\0\0\0\0\0@I\2\0\0\0\0\0\0\20\0\0\0\0\0\0\1\0\0\0\5\0\0\0\0P\2\0\0\0\0\0\0P\2\0\0\0\0\0\0P\2\0\0\0\0\0\304u\27\0\0\0\0\0\304u\27\0\0\0\0\0\0\20\0\0\0\0\0\0\1\0\0\0\4\0\0\0\0\320\31\0\0\0\0\0\0\320\31\0\0\0\0\0\0\320\31\0\0\0\0\0e\235\4\0\0\0\0\0e\235\4\0\0\0\0\0\0\20\0\0\0\0\0\0\1\0\0\0\6\0\0\0\0v\36\0\0\0\0\0\0\206\36\0\0\0\0\0\0\206\36\0\0\0\0\0\20P\0\0\0\0\0\0\330\216\0\0\0\0\0\0\0\20\0\0\0\0\0\0\2\0\0\0\6\0\0\0\200\233\36\0\0\0\0\0\200\253\36\0\0\0\0\0\200\253\36\0\0\0\0\0\340\1\0\0\0\0\0\0\340\1\0\0\0\0\0\0\10\0\0\0\0\0\0\0\4\0\0\0\4\0\0\0P\3\0\0\0\0\0\0P\3\0\0\0\0\0\0P\3\0\0\0\0\0\0 \0\0\0\0\0\0\0 \0\0\0\0\0\0\0\10\0\0\0\0\0\0\0\4\0\0\0\4\0\0\0p\3\0\0\0\0\0\0p\3\0\0\0\0\0\0p\3\0\0\0\0\0\0D\0\0\0\0\0\0\0D\0\0\0\0\0\0\0\4\0\0\0\0\0\0\0\7\0\0\0\4\0\0\0\0v\36\0\0\0\0\0\0\206\36\0\0\0\0\0\0\206\36\0\0\0\0\0\20\0\0\0\0\0\0\0\220\0\0\0\0\0\0\0\10\0\0\0\0\0\0\0S\345td\4\0\0\0P\3\0\0\0\0\0\0P\3\0\0\0\0\0\0P\3\0\0\0\0\0\0 \0\0\0\0\0\0\0 \0\0\0\0\0\0\0\10\0\0\0\0\0\0\0P\345td\4\0\0\0\274\26\34\0\0\0\0\0\274\26\34\0\0\0\0\0\274\26\34\0\0\0\0\0\304^\0\0\0\0\0\0\304^\0\0\0\0\0\0\4\0\0\0\0\0\0\0Q\345td\6\0\0\0\0\0\0\0\0\0\0\0\0\0\0\0\0\0\0\0\0\0\0\0\0\0\0\0\0\0\0\0\0\0\0\0\0\0\0\0\0\0\0\0\20\0\0\0\0\0\0\0R\345td\4\0\0\0\0v\36\0\0\0\0\0\0\206\36\0\0\0\0\0\0\206\36\0\0\0\0\0\0*\0\0\0\0\0\0\0*\0\0\0\0\0\0\1\0\0\0\0\0\0\0", 784, 64) = 784
pread64(6, "\4\0\0\0\20\0\0\0\5\0\0\0GNU\0\2\0\0\300\4\0\0\0\3\0\0\0\0\0\0\0", 32, 848) = 32
pread64(6, "\4\0\0\0\24\0\0\0\3\0\0\0GNU\0\363\377?\332\200\270\27\304d\245n\355Y\377\t\334\206N\256\260\4\0\0\0\20\0\0\0\1\0\0\0GNU\0\0\0\0\0\3\0\0\0\2\0\0\0\0\0\0\0", 68, 880) = 68
mmap(NULL, 2036952, PROT_READ, MAP_PRIVATE|MAP_DENYWRITE, 6, 0) = 0x7fd72bb5f000
mprotect(0x7fd72bb84000, 1847296, PROT_NONE) = 0
mmap(0x7fd72bb84000, 1540096, PROT_READ|PROT_EXEC, MAP_PRIVATE|MAP_FIXED|MAP_DENYWRITE, 6, 0x25000) = 0x7fd72bb84000
mmap(0x7fd72bcfc000, 303104, PROT_READ, MAP_PRIVATE|MAP_FIXED|MAP_DENYWRITE, 6, 0x19d000) = 0x7fd72bcfc000
mmap(0x7fd72bd47000, 24576, PROT_READ|PROT_WRITE, MAP_PRIVATE|MAP_FIXED|MAP_DENYWRITE, 6, 0x1e7000) = 0x7fd72bd47000
mmap(0x7fd72bd4d000, 13528, PROT_READ|PROT_WRITE, MAP_PRIVATE|MAP_FIXED|MAP_ANONYMOUS, -1, 0) = 0x7fd72bd4d000
close(6)                                = 0
arch_prctl(ARCH_SET_FS, 0x7fd72bd52580) = 0
mprotect(0x7fd72bd47000, 12288, PROT_READ) = 0
mprotect(0x5561aa7c8000, 4096, PROT_READ) = 0
mprotect(0x7fd72bd9e000, 4096, PROT_READ) = 0
munmap(0x7fd72bd53000, 119884)          = 0
brk(NULL)                               = 0x5561abe6b000
brk(0x5561abe8c000)                     = 0x5561abe8c000
openat(AT_FDCWD, "/usr/lib/locale/locale-archive", O_RDONLY|O_CLOEXEC) = 6
fstat(6, {st_mode=S_IFREG|0644, st_size=5699248, ...}) = 0
mmap(NULL, 5699248, PROT_READ, MAP_PRIVATE, 6, 0) = 0x7fd72b5ef000
close(6)                                = 0
unlink("file1")                         = 0
close(1)                                = 0
close(2)                                = 0
exit_group(0)                           = ?
+++ exited with 0 +++
